<?xml version="1.0" encoding="UTF-8"?>
<!-- Generated by org.testng.reporters.JUnitXMLReporter -->
<testsuite ignored="4" hostname="DESKTOP-UJ631HJ" failures="0" tests="2" name="Test123" time="0.212" errors="0" timestamp="2022-03-01T18:22:34 IST">
  <testcase classname="test.VerifyApplicationHeader" name="@BeforeTest launchBrowser" time="-1.64613915442E9">
    <failure type="org.testng.TestNGException" message="
Parameter &amp;apos;browser&amp;apos; is required by BeforeTest on method launchBrowser but has not been marked @Optional or defined
in E:\vaibhav\ActiTime-Nov2021\regressionSuite.xml">
      <![CDATA[org.testng.TestNGException: 
Parameter 'browser' is required by BeforeTest on method launchBrowser but has not been marked @Optional or defined
in E:\vaibhav\ActiTime-Nov2021\regressionSuite.xml
... Removed 21 stack frames]]>
    </failure>
  </testcase> <!-- @BeforeTest launchBrowser -->
  <testcase classname="test.VerifyApplicationHeader" name="@BeforeClass createObjectOfPOMClasses" time="-1.646139154489E9">
    <skipped/>
  </testcase> <!-- @BeforeClass createObjectOfPOMClasses -->
  <testcase classname="test.VerifyApplicationHeader" name="@BeforeMethod loginToApplication" time="-1.646139154517E9">
    <skipped/>
  </testcase> <!-- @BeforeMethod loginToApplication -->
  <testcase classname="test.VerifyApplicationHeader" name="@AfterMethod logoutFromApplication" time="-1.646139154547E9">
    <skipped/>
  </testcase> <!-- @AfterMethod logoutFromApplication -->
  <testcase classname="test.VerifyApplicationHeader" name="@BeforeMethod loginToApplication" time="-1.646139154552E9">
    <skipped/>
  </testcase> <!-- @BeforeMethod loginToApplication -->
  <testcase classname="test.VerifyApplicationHeader" name="@AfterMethod logoutFromApplication" time="-1.646139154571E9">
    <skipped/>
  </testcase> <!-- @AfterMethod logoutFromApplication -->
  <testcase classname="test.VerifyApplicationHeader" name="@AfterClass clearPOMObject" time="-1.646139154581E9">
    <skipped/>
  </testcase> <!-- @AfterClass clearPOMObject -->
  <testcase classname="test.General" name="@AfterTest afterTest" time="-1.64613915461E9">
    <skipped/>
  </testcase> <!-- @AfterTest afterTest -->
  <testcase classname="test.VerifyApplicationHeader" name="@AfterTest closeBrowser" time="-1.646139154619E9">
    <skipped/>
  </testcase> <!-- @AfterTest closeBrowser -->
  <testcase classname="test.VerifyApplicationHeader" name="verifyTaskPage" time="0.0">
    <skipped/>
  </testcase> <!-- verifyTaskPage -->
  <testcase classname="test.VerifyApplicationHeader" name="verifyUsersPage" time="0.0">
    <skipped/>
  </testcase> <!-- verifyUsersPage -->
  <testcase classname="test.General" name="testA" time="0.0">
    <ignored/>
  </testcase> <!-- testA -->
  <testcase classname="test.General" name="testB" time="0.0">
    <ignored/>
  </testcase> <!-- testB -->
  <testcase classname="test.General" name="testD" time="0.0">
    <ignored/>
  </testcase> <!-- testD -->
  <testcase classname="test.General" name="testC" time="0.0">
    <ignored/>
  </testcase> <!-- testC -->
</testsuite> <!-- Test123 -->
