<?xml version="1.0" encoding="UTF-8"?>
<!-- Generated by org.testng.reporters.JUnitXMLReporter -->
<testsuite ignored="0" hostname="DESKTOP-UJ631HJ" failures="0" tests="2" name="Default test" time="0.133" errors="0" timestamp="2022-04-06T21:30:51 IST">
  <testcase classname="test.TestClass" name="@BeforeTest launchBrowser" time="-1.649260851395E9">
    <failure type="org.testng.TestNGException" message="
Parameter &amp;apos;browser&amp;apos; is required by BeforeTest on method launchBrowser but has not been marked @Optional or defined
in C:\Users\Vaibhav\AppData\Local\Temp\testng-eclipse-1595614537\testng-customsuite.xml">
      <![CDATA[org.testng.TestNGException: 
Parameter 'browser' is required by BeforeTest on method launchBrowser but has not been marked @Optional or defined
in C:\Users\Vaibhav\AppData\Local\Temp\testng-eclipse-1595614537\testng-customsuite.xml
at org.testng.internal.Parameters.createParams(Parameters.java:270)
at org.testng.internal.Parameters.createParametersForMethod(Parameters.java:358)
at org.testng.internal.Parameters.createParameters(Parameters.java:700)
at org.testng.internal.Parameters.createConfigurationParameters(Parameters.java:168)
at org.testng.internal.ConfigInvoker.invokeConfigurations(ConfigInvoker.java:302)
at org.testng.TestRunner.invokeTestConfigurations(TestRunner.java:637)
at org.testng.TestRunner.beforeRun(TestRunner.java:627)
at org.testng.TestRunner.run(TestRunner.java:589)
at org.testng.SuiteRunner.runTest(SuiteRunner.java:377)
at org.testng.SuiteRunner.runSequentially(SuiteRunner.java:371)
at org.testng.SuiteRunner.privateRun(SuiteRunner.java:332)
at org.testng.SuiteRunner.run(SuiteRunner.java:276)
at org.testng.SuiteRunnerWorker.runSuite(SuiteRunnerWorker.java:53)
at org.testng.SuiteRunnerWorker.run(SuiteRunnerWorker.java:96)
at org.testng.TestNG.runSuitesSequentially(TestNG.java:1212)
at org.testng.TestNG.runSuitesLocally(TestNG.java:1134)
at org.testng.TestNG.runSuites(TestNG.java:1063)
at org.testng.TestNG.run(TestNG.java:1031)
at org.testng.remote.AbstractRemoteTestNG.run(AbstractRemoteTestNG.java:115)
at org.testng.remote.RemoteTestNG.initAndRun(RemoteTestNG.java:251)
at org.testng.remote.RemoteTestNG.main(RemoteTestNG.java:77)
]]>
    </failure>
  </testcase> <!-- @BeforeTest launchBrowser -->
  <testcase classname="test.TestClass" name="@BeforeClass createObjectOfPOMClasses" time="-1.649260851462E9">
    <skipped/>
  </testcase> <!-- @BeforeClass createObjectOfPOMClasses -->
  <testcase classname="test.TestClass" name="@BeforeMethod loginToApplication" time="-1.649260851486E9">
    <skipped/>
  </testcase> <!-- @BeforeMethod loginToApplication -->
  <testcase classname="test.TestClass" name="@AfterMethod logoutFromApplication" time="-1.649260851496E9">
    <skipped/>
  </testcase> <!-- @AfterMethod logoutFromApplication -->
  <testcase classname="test.TestClass" name="@BeforeMethod loginToApplication" time="-1.6492608515E9">
    <skipped/>
  </testcase> <!-- @BeforeMethod loginToApplication -->
  <testcase classname="test.TestClass" name="@AfterMethod logoutFromApplication" time="-1.649260851507E9">
    <skipped/>
  </testcase> <!-- @AfterMethod logoutFromApplication -->
  <testcase classname="test.TestClass" name="@AfterClass clearPOMObject" time="-1.649260851511E9">
    <skipped/>
  </testcase> <!-- @AfterClass clearPOMObject -->
  <testcase classname="test.TestClass" name="@AfterTest closeBrowser" time="-1.649260851516E9">
    <skipped/>
  </testcase> <!-- @AfterTest closeBrowser -->
  <testcase classname="test.TestClass" name="verifyTaskPage" time="0.0">
    <skipped/>
  </testcase> <!-- verifyTaskPage -->
  <testcase classname="test.TestClass" name="verifyUsersPage" time="0.0">
    <skipped/>
  </testcase> <!-- verifyUsersPage -->
</testsuite> <!-- Default test -->
