<?xml version="1.0" encoding="UTF-8"?>
<testng-results ignored="0" total="8" passed="8" failed="0" skipped="0">
  <reporter-output>
  </reporter-output>
  <suite started-at="2022-04-07T00:19:48 IST" name="Suite" finished-at="2022-04-07T00:22:23 IST" duration-ms="155133">
    <groups>
    </groups>
    <test started-at="2022-04-07T00:19:48 IST" name="ChromeTest" finished-at="2022-04-07T00:21:01 IST" duration-ms="72831">
      <class name="test.VerifyApplicationHeader">
        <test-method is-config="true" signature="launchBrowser(java.lang.String)[pri:0, instance:test.VerifyApplicationHeader@437da279]" started-at="2022-04-07T00:20:01 IST" name="launchBrowser" finished-at="2022-04-07T00:20:09 IST" duration-ms="7903" status="PASS">
          <params>
            <param index="0">
              <value>
                <![CDATA[Chrome]]>
              </value>
            </param>
          </params>
          <reporter-output>
          </reporter-output>
        </test-method> <!-- launchBrowser -->
        <test-method is-config="true" signature="createObjectOfPOMClasses()[pri:0, instance:test.VerifyApplicationHeader@437da279]" started-at="2022-04-07T00:20:10 IST" name="createObjectOfPOMClasses" finished-at="2022-04-07T00:20:10 IST" duration-ms="596" status="PASS">
          <reporter-output>
          </reporter-output>
        </test-method> <!-- createObjectOfPOMClasses -->
        <test-method is-config="true" signature="loginToApplication()[pri:0, instance:test.VerifyApplicationHeader@437da279]" started-at="2022-04-07T00:20:11 IST" name="loginToApplication" finished-at="2022-04-07T00:20:26 IST" duration-ms="15804" status="PASS">
          <reporter-output>
          </reporter-output>
        </test-method> <!-- loginToApplication -->
        <test-method signature="verifyTaskPage()[pri:0, instance:test.VerifyApplicationHeader@437da279]" started-at="2022-04-07T00:20:26 IST" name="verifyTaskPage" finished-at="2022-04-07T00:20:47 IST" duration-ms="20969" status="PASS">
          <reporter-output>
          </reporter-output>
        </test-method> <!-- verifyTaskPage -->
        <test-method is-config="true" signature="logoutFromApplication(org.testng.ITestResult)[pri:0, instance:test.VerifyApplicationHeader@437da279]" started-at="2022-04-07T00:20:47 IST" name="logoutFromApplication" finished-at="2022-04-07T00:20:48 IST" duration-ms="635" status="PASS">
          <params>
            <param index="0">
              <value>
                <![CDATA[[TestResult name=verifyTaskPage status=SUCCESS method=VerifyApplicationHeader.verifyTaskPage()[pri:0, instance:test.VerifyApplicationHeader@437da279] output={null}]]]>
              </value>
            </param>
          </params>
          <reporter-output>
          </reporter-output>
        </test-method> <!-- logoutFromApplication -->
        <test-method is-config="true" signature="loginToApplication()[pri:0, instance:test.VerifyApplicationHeader@437da279]" started-at="2022-04-07T00:20:48 IST" name="loginToApplication" finished-at="2022-04-07T00:20:49 IST" duration-ms="1271" status="PASS">
          <reporter-output>
          </reporter-output>
        </test-method> <!-- loginToApplication -->
        <test-method signature="verifyUsersPage()[pri:0, instance:test.VerifyApplicationHeader@437da279]" started-at="2022-04-07T00:20:49 IST" name="verifyUsersPage" finished-at="2022-04-07T00:20:57 IST" duration-ms="7954" status="PASS">
          <reporter-output>
          </reporter-output>
        </test-method> <!-- verifyUsersPage -->
        <test-method is-config="true" signature="logoutFromApplication(org.testng.ITestResult)[pri:0, instance:test.VerifyApplicationHeader@437da279]" started-at="2022-04-07T00:20:57 IST" name="logoutFromApplication" finished-at="2022-04-07T00:20:57 IST" duration-ms="322" status="PASS">
          <params>
            <param index="0">
              <value>
                <![CDATA[[TestResult name=verifyUsersPage status=SUCCESS method=VerifyApplicationHeader.verifyUsersPage()[pri:0, instance:test.VerifyApplicationHeader@437da279] output={null}]]]>
              </value>
            </param>
          </params>
          <reporter-output>
          </reporter-output>
        </test-method> <!-- logoutFromApplication -->
        <test-method is-config="true" signature="clearPOMObject()[pri:0, instance:test.VerifyApplicationHeader@437da279]" started-at="2022-04-07T00:20:57 IST" name="clearPOMObject" finished-at="2022-04-07T00:20:57 IST" duration-ms="0" status="PASS">
          <reporter-output>
          </reporter-output>
        </test-method> <!-- clearPOMObject -->
        <test-method is-config="true" signature="closeBrowser()[pri:0, instance:test.VerifyApplicationHeader@437da279]" started-at="2022-04-07T00:21:00 IST" name="closeBrowser" finished-at="2022-04-07T00:21:01 IST" duration-ms="1424" status="PASS">
          <reporter-output>
          </reporter-output>
        </test-method> <!-- closeBrowser -->
      </class> <!-- test.VerifyApplicationHeader -->
      <class name="test.TestClass">
        <test-method is-config="true" signature="launchBrowser(java.lang.String)[pri:0, instance:test.TestClass@71a8adcf]" started-at="2022-04-07T00:19:48 IST" name="launchBrowser" finished-at="2022-04-07T00:20:01 IST" duration-ms="13026" status="PASS">
          <params>
            <param index="0">
              <value>
                <![CDATA[Chrome]]>
              </value>
            </param>
          </params>
          <reporter-output>
          </reporter-output>
        </test-method> <!-- launchBrowser -->
        <test-method is-config="true" signature="createObjectOfPOMClasses()[pri:0, instance:test.TestClass@71a8adcf]" started-at="2022-04-07T00:20:10 IST" name="createObjectOfPOMClasses" finished-at="2022-04-07T00:20:10 IST" duration-ms="597" status="PASS">
          <reporter-output>
          </reporter-output>
        </test-method> <!-- createObjectOfPOMClasses -->
        <test-method is-config="true" signature="loginToApplication()[pri:0, instance:test.TestClass@71a8adcf]" started-at="2022-04-07T00:20:11 IST" name="loginToApplication" finished-at="2022-04-07T00:20:26 IST" duration-ms="15817" status="PASS">
          <reporter-output>
          </reporter-output>
        </test-method> <!-- loginToApplication -->
        <test-method signature="verifyTaskPage()[pri:0, instance:test.TestClass@71a8adcf]" started-at="2022-04-07T00:20:26 IST" name="verifyTaskPage" finished-at="2022-04-07T00:20:47 IST" duration-ms="20932" status="PASS">
          <reporter-output>
          </reporter-output>
        </test-method> <!-- verifyTaskPage -->
        <test-method is-config="true" signature="logoutFromApplication(org.testng.ITestResult)[pri:0, instance:test.TestClass@71a8adcf]" started-at="2022-04-07T00:20:47 IST" name="logoutFromApplication" finished-at="2022-04-07T00:20:48 IST" duration-ms="351" status="PASS">
          <params>
            <param index="0">
              <value>
                <![CDATA[[TestResult name=verifyTaskPage status=SUCCESS method=TestClass.verifyTaskPage()[pri:0, instance:test.TestClass@71a8adcf] output={null}]]]>
              </value>
            </param>
          </params>
          <reporter-output>
          </reporter-output>
        </test-method> <!-- logoutFromApplication -->
        <test-method is-config="true" signature="loginToApplication()[pri:0, instance:test.TestClass@71a8adcf]" started-at="2022-04-07T00:20:48 IST" name="loginToApplication" finished-at="2022-04-07T00:20:49 IST" duration-ms="1657" status="PASS">
          <reporter-output>
          </reporter-output>
        </test-method> <!-- loginToApplication -->
        <test-method signature="verifyUsersPage()[pri:0, instance:test.TestClass@71a8adcf]" started-at="2022-04-07T00:20:49 IST" name="verifyUsersPage" finished-at="2022-04-07T00:20:57 IST" duration-ms="7979" status="PASS">
          <reporter-output>
          </reporter-output>
        </test-method> <!-- verifyUsersPage -->
        <test-method is-config="true" signature="logoutFromApplication(org.testng.ITestResult)[pri:0, instance:test.TestClass@71a8adcf]" started-at="2022-04-07T00:20:57 IST" name="logoutFromApplication" finished-at="2022-04-07T00:20:58 IST" duration-ms="864" status="PASS">
          <params>
            <param index="0">
              <value>
                <![CDATA[[TestResult name=verifyUsersPage status=SUCCESS method=TestClass.verifyUsersPage()[pri:0, instance:test.TestClass@71a8adcf] output={null}]]]>
              </value>
            </param>
          </params>
          <reporter-output>
          </reporter-output>
        </test-method> <!-- logoutFromApplication -->
        <test-method is-config="true" signature="clearPOMObject()[pri:0, instance:test.TestClass@71a8adcf]" started-at="2022-04-07T00:20:58 IST" name="clearPOMObject" finished-at="2022-04-07T00:20:58 IST" duration-ms="1" status="PASS">
          <reporter-output>
          </reporter-output>
        </test-method> <!-- clearPOMObject -->
        <test-method is-config="true" signature="closeBrowser()[pri:0, instance:test.TestClass@71a8adcf]" started-at="2022-04-07T00:20:58 IST" name="closeBrowser" finished-at="2022-04-07T00:21:00 IST" duration-ms="1605" status="PASS">
          <reporter-output>
          </reporter-output>
        </test-method> <!-- closeBrowser -->
      </class> <!-- test.TestClass -->
    </test> <!-- ChromeTest -->
    <test started-at="2022-04-07T00:21:02 IST" name="EdgeTest" finished-at="2022-04-07T00:22:23 IST" duration-ms="81785">
      <class name="test.VerifyApplicationHeader">
        <test-method is-config="true" signature="launchBrowser(java.lang.String)[pri:0, instance:test.VerifyApplicationHeader@791f145a]" started-at="2022-04-07T00:21:22 IST" name="launchBrowser" finished-at="2022-04-07T00:21:35 IST" duration-ms="13371" status="PASS">
          <params>
            <param index="0">
              <value>
                <![CDATA[Edge]]>
              </value>
            </param>
          </params>
          <reporter-output>
          </reporter-output>
        </test-method> <!-- launchBrowser -->
        <test-method is-config="true" signature="createObjectOfPOMClasses()[pri:0, instance:test.VerifyApplicationHeader@791f145a]" started-at="2022-04-07T00:21:35 IST" name="createObjectOfPOMClasses" finished-at="2022-04-07T00:21:35 IST" duration-ms="3" status="PASS">
          <reporter-output>
          </reporter-output>
        </test-method> <!-- createObjectOfPOMClasses -->
        <test-method is-config="true" signature="loginToApplication()[pri:0, instance:test.VerifyApplicationHeader@791f145a]" started-at="2022-04-07T00:21:35 IST" name="loginToApplication" finished-at="2022-04-07T00:21:43 IST" duration-ms="8139" status="PASS">
          <reporter-output>
          </reporter-output>
        </test-method> <!-- loginToApplication -->
        <test-method signature="verifyTaskPage()[pri:0, instance:test.VerifyApplicationHeader@791f145a]" started-at="2022-04-07T00:21:43 IST" name="verifyTaskPage" finished-at="2022-04-07T00:21:58 IST" duration-ms="14153" status="PASS">
          <reporter-output>
          </reporter-output>
        </test-method> <!-- verifyTaskPage -->
        <test-method is-config="true" signature="logoutFromApplication(org.testng.ITestResult)[pri:0, instance:test.VerifyApplicationHeader@791f145a]" started-at="2022-04-07T00:21:58 IST" name="logoutFromApplication" finished-at="2022-04-07T00:21:58 IST" duration-ms="620" status="PASS">
          <params>
            <param index="0">
              <value>
                <![CDATA[[TestResult name=verifyTaskPage status=SUCCESS method=VerifyApplicationHeader.verifyTaskPage()[pri:0, instance:test.VerifyApplicationHeader@791f145a] output={null}]]]>
              </value>
            </param>
          </params>
          <reporter-output>
          </reporter-output>
        </test-method> <!-- logoutFromApplication -->
        <test-method is-config="true" signature="loginToApplication()[pri:0, instance:test.VerifyApplicationHeader@791f145a]" started-at="2022-04-07T00:21:58 IST" name="loginToApplication" finished-at="2022-04-07T00:21:59 IST" duration-ms="1138" status="PASS">
          <reporter-output>
          </reporter-output>
        </test-method> <!-- loginToApplication -->
        <test-method signature="verifyUsersPage()[pri:0, instance:test.VerifyApplicationHeader@791f145a]" started-at="2022-04-07T00:21:59 IST" name="verifyUsersPage" finished-at="2022-04-07T00:22:18 IST" duration-ms="18158" status="PASS">
          <reporter-output>
          </reporter-output>
        </test-method> <!-- verifyUsersPage -->
        <test-method is-config="true" signature="logoutFromApplication(org.testng.ITestResult)[pri:0, instance:test.VerifyApplicationHeader@791f145a]" started-at="2022-04-07T00:22:18 IST" name="logoutFromApplication" finished-at="2022-04-07T00:22:18 IST" duration-ms="805" status="PASS">
          <params>
            <param index="0">
              <value>
                <![CDATA[[TestResult name=verifyUsersPage status=SUCCESS method=VerifyApplicationHeader.verifyUsersPage()[pri:0, instance:test.VerifyApplicationHeader@791f145a] output={null}]]]>
              </value>
            </param>
          </params>
          <reporter-output>
          </reporter-output>
        </test-method> <!-- logoutFromApplication -->
        <test-method is-config="true" signature="clearPOMObject()[pri:0, instance:test.VerifyApplicationHeader@791f145a]" started-at="2022-04-07T00:22:18 IST" name="clearPOMObject" finished-at="2022-04-07T00:22:18 IST" duration-ms="0" status="PASS">
          <reporter-output>
          </reporter-output>
        </test-method> <!-- clearPOMObject -->
        <test-method is-config="true" signature="closeBrowser()[pri:0, instance:test.VerifyApplicationHeader@791f145a]" started-at="2022-04-07T00:22:22 IST" name="closeBrowser" finished-at="2022-04-07T00:22:23 IST" duration-ms="1524" status="PASS">
          <reporter-output>
          </reporter-output>
        </test-method> <!-- closeBrowser -->
      </class> <!-- test.VerifyApplicationHeader -->
      <class name="test.TestClass">
        <test-method is-config="true" signature="launchBrowser(java.lang.String)[pri:0, instance:test.TestClass@f09733f]" started-at="2022-04-07T00:21:02 IST" name="launchBrowser" finished-at="2022-04-07T00:21:22 IST" duration-ms="20294" status="PASS">
          <params>
            <param index="0">
              <value>
                <![CDATA[Edge]]>
              </value>
            </param>
          </params>
          <reporter-output>
          </reporter-output>
        </test-method> <!-- launchBrowser -->
        <test-method is-config="true" signature="createObjectOfPOMClasses()[pri:0, instance:test.TestClass@f09733f]" started-at="2022-04-07T00:21:35 IST" name="createObjectOfPOMClasses" finished-at="2022-04-07T00:21:35 IST" duration-ms="2" status="PASS">
          <reporter-output>
          </reporter-output>
        </test-method> <!-- createObjectOfPOMClasses -->
        <test-method is-config="true" signature="loginToApplication()[pri:0, instance:test.TestClass@f09733f]" started-at="2022-04-07T00:21:35 IST" name="loginToApplication" finished-at="2022-04-07T00:21:44 IST" duration-ms="8847" status="PASS">
          <reporter-output>
          </reporter-output>
        </test-method> <!-- loginToApplication -->
        <test-method signature="verifyTaskPage()[pri:0, instance:test.TestClass@f09733f]" started-at="2022-04-07T00:21:44 IST" name="verifyTaskPage" finished-at="2022-04-07T00:21:58 IST" duration-ms="13449" status="PASS">
          <reporter-output>
          </reporter-output>
        </test-method> <!-- verifyTaskPage -->
        <test-method is-config="true" signature="logoutFromApplication(org.testng.ITestResult)[pri:0, instance:test.TestClass@f09733f]" started-at="2022-04-07T00:21:58 IST" name="logoutFromApplication" finished-at="2022-04-07T00:21:58 IST" duration-ms="624" status="PASS">
          <params>
            <param index="0">
              <value>
                <![CDATA[[TestResult name=verifyTaskPage status=SUCCESS method=TestClass.verifyTaskPage()[pri:0, instance:test.TestClass@f09733f] output={null}]]]>
              </value>
            </param>
          </params>
          <reporter-output>
          </reporter-output>
        </test-method> <!-- logoutFromApplication -->
        <test-method is-config="true" signature="loginToApplication()[pri:0, instance:test.TestClass@f09733f]" started-at="2022-04-07T00:21:58 IST" name="loginToApplication" finished-at="2022-04-07T00:22:00 IST" duration-ms="1538" status="PASS">
          <reporter-output>
          </reporter-output>
        </test-method> <!-- loginToApplication -->
        <test-method signature="verifyUsersPage()[pri:0, instance:test.TestClass@f09733f]" started-at="2022-04-07T00:22:00 IST" name="verifyUsersPage" finished-at="2022-04-07T00:22:18 IST" duration-ms="17748" status="PASS">
          <reporter-output>
          </reporter-output>
        </test-method> <!-- verifyUsersPage -->
        <test-method is-config="true" signature="logoutFromApplication(org.testng.ITestResult)[pri:0, instance:test.TestClass@f09733f]" started-at="2022-04-07T00:22:18 IST" name="logoutFromApplication" finished-at="2022-04-07T00:22:18 IST" duration-ms="939" status="PASS">
          <params>
            <param index="0">
              <value>
                <![CDATA[[TestResult name=verifyUsersPage status=SUCCESS method=TestClass.verifyUsersPage()[pri:0, instance:test.TestClass@f09733f] output={null}]]]>
              </value>
            </param>
          </params>
          <reporter-output>
          </reporter-output>
        </test-method> <!-- logoutFromApplication -->
        <test-method is-config="true" signature="clearPOMObject()[pri:0, instance:test.TestClass@f09733f]" started-at="2022-04-07T00:22:18 IST" name="clearPOMObject" finished-at="2022-04-07T00:22:18 IST" duration-ms="0" status="PASS">
          <reporter-output>
          </reporter-output>
        </test-method> <!-- clearPOMObject -->
        <test-method is-config="true" signature="closeBrowser()[pri:0, instance:test.TestClass@f09733f]" started-at="2022-04-07T00:22:18 IST" name="closeBrowser" finished-at="2022-04-07T00:22:22 IST" duration-ms="3436" status="PASS">
          <reporter-output>
          </reporter-output>
        </test-method> <!-- closeBrowser -->
      </class> <!-- test.TestClass -->
    </test> <!-- EdgeTest -->
  </suite> <!-- Suite -->
</testng-results>
