<?xml version="1.0" encoding="UTF-8"?>
<!-- Generated by org.testng.reporters.JUnitXMLReporter -->
<testsuite ignored="0" hostname="DESKTOP-UJ631HJ" failures="0" tests="4" name="ChromeTest" time="72.831" errors="0" timestamp="2022-04-07T00:21:02 IST">
  <testcase classname="test.TestClass" name="verifyTaskPage" time="20.932"/>
  <testcase classname="test.VerifyApplicationHeader" name="verifyTaskPage" time="20.969"/>
  <testcase classname="test.VerifyApplicationHeader" name="verifyUsersPage" time="7.954"/>
  <testcase classname="test.TestClass" name="verifyUsersPage" time="7.979"/>
</testsuite> <!-- ChromeTest -->
