<?xml version="1.0" encoding="UTF-8"?>
<!-- Generated by org.testng.reporters.JUnitXMLReporter -->
<testsuite ignored="0" hostname="DESKTOP-UJ631HJ" failures="0" tests="4" name="EdgeTest" time="81.785" errors="0" timestamp="2022-04-07T00:22:23 IST">
  <testcase classname="test.VerifyApplicationHeader" name="verifyTaskPage" time="14.153"/>
  <testcase classname="test.TestClass" name="verifyTaskPage" time="13.449"/>
  <testcase classname="test.TestClass" name="verifyUsersPage" time="17.748"/>
  <testcase classname="test.VerifyApplicationHeader" name="verifyUsersPage" time="18.158"/>
</testsuite> <!-- EdgeTest -->
