<?xml version="1.0" encoding="UTF-8"?>
<!-- Generated by org.testng.reporters.JUnitXMLReporter -->
<testsuite ignored="4" hostname="DESKTOP-UJ631HJ" failures="0" tests="4" name="Test" time="0.094" errors="0" timestamp="2022-03-01T00:49:29 IST">
  <testcase classname="test.General" name="testA" time="0.006"/>
  <testcase classname="test.General" name="testB" time="0.002"/>
  <testcase classname="test.General1234" name="testC" time="0.003"/>
  <testcase classname="test.General1234" name="testD" time="0.001"/>
  <testcase classname="test.General1234" name="testA" time="0.0">
    <ignored/>
  </testcase> <!-- testA -->
  <testcase classname="test.General" name="testD" time="0.0">
    <ignored/>
  </testcase> <!-- testD -->
  <testcase classname="test.General" name="testC" time="0.0">
    <ignored/>
  </testcase> <!-- testC -->
  <testcase classname="test.General1234" name="testB" time="0.0">
    <ignored/>
  </testcase> <!-- testB -->
</testsuite> <!-- Test -->
