<?xml version="1.0" encoding="UTF-8"?>
<!-- Generated by org.testng.reporters.JUnitXMLReporter -->
<testsuite ignored="2" hostname="DESKTOP-UJ631HJ" failures="2" tests="2" name="EdgeTest(failed)" time="76.315" errors="0" timestamp="2022-03-11T01:08:43 IST">
  <testcase classname="test.TestClass" name="verifyTaskPage" time="20.466">
    <failure type="java.lang.AssertionError" message="expected [http://localhost/tasks/otasklist.] but found [http://localhost/tasks/otasklist.do]">
      <![CDATA[java.lang.AssertionError: expected [http://localhost/tasks/otasklist.] but found [http://localhost/tasks/otasklist.do]
at test.TestClass.verifyTaskPage(TestClass.java:91)
at java.base/java.util.concurrent.ThreadPoolExecutor.runWorker(ThreadPoolExecutor.java:1136)
at java.base/java.util.concurrent.ThreadPoolExecutor$Worker.run(ThreadPoolExecutor.java:635)
at java.base/java.lang.Thread.run(Thread.java:833)
... Removed 18 stack frames]]>
    </failure>
  </testcase> <!-- verifyTaskPage -->
  <testcase classname="test.VerifyApplicationHeader" name="verifyTaskPage" time="20.484">
    <failure type="java.lang.AssertionError" message="expected [http://localhost/tasks/otasklist.] but found [http://localhost/tasks/otasklist.do]">
      <![CDATA[java.lang.AssertionError: expected [http://localhost/tasks/otasklist.] but found [http://localhost/tasks/otasklist.do]
at test.VerifyApplicationHeader.verifyTaskPage(VerifyApplicationHeader.java:91)
at java.base/java.util.concurrent.ThreadPoolExecutor.runWorker(ThreadPoolExecutor.java:1136)
at java.base/java.util.concurrent.ThreadPoolExecutor$Worker.run(ThreadPoolExecutor.java:635)
at java.base/java.lang.Thread.run(Thread.java:833)
... Removed 18 stack frames]]>
    </failure>
  </testcase> <!-- verifyTaskPage -->
  <testcase classname="test.VerifyApplicationHeader" name="verifyUsersPage" time="0.0">
    <ignored/>
  </testcase> <!-- verifyUsersPage -->
  <testcase classname="test.TestClass" name="verifyUsersPage" time="0.0">
    <ignored/>
  </testcase> <!-- verifyUsersPage -->
</testsuite> <!-- EdgeTest(failed) -->
